This file contains any messages produced by compilers while
running configure, to aid debugging if configure makes a mistake.

It was created by libarmhelloworld configure 1.0, which was
generated by GNU Autoconf 2.69.  Invocation command line was

  $ /wks/workspace/Homer/libarmhelloworld/configure --host=arm-buildroot-linux-gnueabihf

## --------- ##
## Platform. ##
## --------- ##

hostname = debian64-devel
uname -m = x86_64
uname -r = 3.16.0-4-amd64
uname -s = Linux
uname -v = #1 SMP Debian 3.16.7-ckt20-1+deb8u1 (2015-12-14)

/usr/bin/uname -p = unknown
/bin/uname -X     = unknown

/bin/arch              = unknown
/usr/bin/arch -k       = unknown
/usr/convex/getsysinfo = unknown
/usr/bin/hostinfo      = unknown
/bin/machine           = unknown
/usr/bin/oslevel       = unknown
/bin/universe          = unknown

PATH: /wks/buildroot-2015.08.1/output/host/usr/bin
PATH: /usr/local/bin
PATH: /usr/bin
PATH: /bin
PATH: /usr/local/games
PATH: /usr/games
PATH: /wks/buildroot-2015.08.1/output/host/usr/bin/


## ----------- ##
## Core tests. ##
## ----------- ##

configure:2371: checking for C++ compiler version
configure:2380: arm-buildroot-linux-gnueabihf-g++ --version >&5
arm-buildroot-linux-gnueabihf-g++ (Buildroot 2015.08.1) 4.9.3
Copyright (C) 2015 Free Software Foundation, Inc.
This is free software; see the source for copying conditions.  There is NO
warranty; not even for MERCHANTABILITY or FITNESS FOR A PARTICULAR PURPOSE.

configure:2391: $? = 0
configure:2380: arm-buildroot-linux-gnueabihf-g++ -v >&5
Using built-in specs.
COLLECT_GCC=arm-buildroot-linux-gnueabihf-g++
COLLECT_LTO_WRAPPER=/wks/buildroot-2015.08.1/output/host/usr/libexec/gcc/arm-buildroot-linux-gnueabihf/4.9.3/lto-wrapper
Target: arm-buildroot-linux-gnueabihf
Configured with: ./configure --prefix=/wks/buildroot-2015.08.1/output/host/usr --sysconfdir=/wks/buildroot-2015.08.1/output/host/etc --enable-static --target=arm-buildroot-linux-gnueabihf --with-sysroot=/wks/buildroot-2015.08.1/output/host/usr/arm-buildroot-linux-gnueabihf/sysroot --disable-__cxa_atexit --with-gnu-ld --disable-libssp --disable-multilib --with-gmp=/wks/buildroot-2015.08.1/output/host/usr --with-mpfr=/wks/buildroot-2015.08.1/output/host/usr --with-pkgversion='Buildroot 2015.08.1' --with-bugurl=http://bugs.buildroot.net/ --disable-libquadmath --enable-tls --disable-libmudflap --enable-threads --with-mpc=/wks/buildroot-2015.08.1/output/host/usr --without-isl --without-cloog --disable-decimal-float --with-abi=aapcs-linux --with-cpu=cortex-a5 --with-fpu=vfpv4-d16 --with-float=hard --with-mode=thumb --enable-languages=c,c++ --enable-poison-system-directories --with-build-time-tools=/wks/buildroot-2015.08.1/output/host/usr/arm-buildroot-linux-gnueabihf/bin --enable-shared --disable-libgomp
Thread model: posix
gcc version 4.9.3 (Buildroot 2015.08.1) 
configure:2391: $? = 0
configure:2380: arm-buildroot-linux-gnueabihf-g++ -V >&5
arm-buildroot-linux-gnueabihf-g++: error: unrecognized command line option '-V'
arm-buildroot-linux-gnueabihf-g++: fatal error: no input files
compilation terminated.
configure:2391: $? = 1
configure:2380: arm-buildroot-linux-gnueabihf-g++ -qversion >&5
arm-buildroot-linux-gnueabihf-g++: error: unrecognized command line option '-qversion'
arm-buildroot-linux-gnueabihf-g++: fatal error: no input files
compilation terminated.
configure:2391: $? = 1
configure:2411: checking whether the C++ compiler works
configure:2433: arm-buildroot-linux-gnueabihf-g++    conftest.cpp  >&5
configure:2437: $? = 0
configure:2485: result: yes
configure:2488: checking for C++ compiler default output file name
configure:2490: result: a.out
configure:2496: checking for suffix of executables
configure:2503: arm-buildroot-linux-gnueabihf-g++ -o conftest    conftest.cpp  >&5
configure:2507: $? = 0
configure:2529: result: 
configure:2551: checking whether we are cross compiling
configure:2559: arm-buildroot-linux-gnueabihf-g++ -o conftest    conftest.cpp  >&5
configure:2563: $? = 0
configure:2570: ./conftest
/wks/workspace/Homer/libarmhelloworld/configure: line 2572: ./conftest: cannot execute binary file: Exec format error
configure:2574: $? = 126
configure:2589: result: yes
configure:2594: checking for suffix of object files
configure:2616: arm-buildroot-linux-gnueabihf-g++ -c   conftest.cpp >&5
configure:2620: $? = 0
configure:2641: result: o
configure:2645: checking whether we are using the GNU C++ compiler
configure:2664: arm-buildroot-linux-gnueabihf-g++ -c   conftest.cpp >&5
configure:2664: $? = 0
configure:2673: result: yes
configure:2682: checking whether arm-buildroot-linux-gnueabihf-g++ accepts -g
configure:2702: arm-buildroot-linux-gnueabihf-g++ -c -g  conftest.cpp >&5
configure:2702: $? = 0
configure:2743: result: yes
configure:2800: checking build system type
configure:2814: result: x86_64-unknown-linux-gnu
configure:2834: checking host system type
configure:2847: result: arm-buildroot-linux-gnueabihf
configure:2867: checking target system type
configure:2880: result: arm-buildroot-linux-gnueabihf
configure:2924: checking for a BSD-compatible install
configure:2992: result: /usr/bin/install -c
configure:3003: checking whether build environment is sane
configure:3058: result: yes
configure:3117: checking for arm-buildroot-linux-gnueabihf-strip
configure:3133: found /wks/buildroot-2015.08.1/output/host/usr/bin/arm-buildroot-linux-gnueabihf-strip
configure:3144: result: arm-buildroot-linux-gnueabihf-strip
configure:3209: checking for a thread-safe mkdir -p
configure:3248: result: /bin/mkdir -p
configure:3255: checking for gawk
configure:3271: found /wks/buildroot-2015.08.1/output/host/usr/bin/gawk
configure:3282: result: gawk
configure:3293: checking whether make sets $(MAKE)
configure:3315: result: yes
configure:3345: checking for style of include used by make
configure:3373: result: GNU
configure:3407: checking whether make supports nested variables
configure:3424: result: yes
configure:3509: checking dependency style of arm-buildroot-linux-gnueabihf-g++
configure:3620: result: gcc3
configure:3687: checking for arm-buildroot-linux-gnueabihf-gcc
configure:3714: result: arm-buildroot-linux-gnueabihf-gcc
configure:3983: checking for C compiler version
configure:3992: arm-buildroot-linux-gnueabihf-gcc --version >&5
arm-buildroot-linux-gnueabihf-gcc (Buildroot 2015.08.1) 4.9.3
Copyright (C) 2015 Free Software Foundation, Inc.
This is free software; see the source for copying conditions.  There is NO
warranty; not even for MERCHANTABILITY or FITNESS FOR A PARTICULAR PURPOSE.

configure:4003: $? = 0
configure:3992: arm-buildroot-linux-gnueabihf-gcc -v >&5
Using built-in specs.
COLLECT_GCC=arm-buildroot-linux-gnueabihf-gcc
COLLECT_LTO_WRAPPER=/wks/buildroot-2015.08.1/output/host/usr/libexec/gcc/arm-buildroot-linux-gnueabihf/4.9.3/lto-wrapper
Target: arm-buildroot-linux-gnueabihf
Configured with: ./configure --prefix=/wks/buildroot-2015.08.1/output/host/usr --sysconfdir=/wks/buildroot-2015.08.1/output/host/etc --enable-static --target=arm-buildroot-linux-gnueabihf --with-sysroot=/wks/buildroot-2015.08.1/output/host/usr/arm-buildroot-linux-gnueabihf/sysroot --disable-__cxa_atexit --with-gnu-ld --disable-libssp --disable-multilib --with-gmp=/wks/buildroot-2015.08.1/output/host/usr --with-mpfr=/wks/buildroot-2015.08.1/output/host/usr --with-pkgversion='Buildroot 2015.08.1' --with-bugurl=http://bugs.buildroot.net/ --disable-libquadmath --enable-tls --disable-libmudflap --enable-threads --with-mpc=/wks/buildroot-2015.08.1/output/host/usr --without-isl --without-cloog --disable-decimal-float --with-abi=aapcs-linux --with-cpu=cortex-a5 --with-fpu=vfpv4-d16 --with-float=hard --with-mode=thumb --enable-languages=c,c++ --enable-poison-system-directories --with-build-time-tools=/wks/buildroot-2015.08.1/output/host/usr/arm-buildroot-linux-gnueabihf/bin --enable-shared --disable-libgomp
Thread model: posix
gcc version 4.9.3 (Buildroot 2015.08.1) 
configure:4003: $? = 0
configure:3992: arm-buildroot-linux-gnueabihf-gcc -V >&5
arm-buildroot-linux-gnueabihf-gcc: error: unrecognized command line option '-V'
arm-buildroot-linux-gnueabihf-gcc: fatal error: no input files
compilation terminated.
configure:4003: $? = 1
configure:3992: arm-buildroot-linux-gnueabihf-gcc -qversion >&5
arm-buildroot-linux-gnueabihf-gcc: error: unrecognized command line option '-qversion'
arm-buildroot-linux-gnueabihf-gcc: fatal error: no input files
compilation terminated.
configure:4003: $? = 1
configure:4007: checking whether we are using the GNU C compiler
configure:4026: arm-buildroot-linux-gnueabihf-gcc -c   conftest.c >&5
configure:4026: $? = 0
configure:4035: result: yes
configure:4044: checking whether arm-buildroot-linux-gnueabihf-gcc accepts -g
configure:4064: arm-buildroot-linux-gnueabihf-gcc -c -g  conftest.c >&5
configure:4064: $? = 0
configure:4105: result: yes
configure:4122: checking for arm-buildroot-linux-gnueabihf-gcc option to accept ISO C89
configure:4185: arm-buildroot-linux-gnueabihf-gcc  -c -g -O2  conftest.c >&5
configure:4185: $? = 0
configure:4198: result: none needed
configure:4223: checking whether arm-buildroot-linux-gnueabihf-gcc understands -c and -o together
configure:4245: arm-buildroot-linux-gnueabihf-gcc -c conftest.c -o conftest2.o
configure:4248: $? = 0
configure:4245: arm-buildroot-linux-gnueabihf-gcc -c conftest.c -o conftest2.o
configure:4248: $? = 0
configure:4260: result: yes
configure:4279: checking dependency style of arm-buildroot-linux-gnueabihf-gcc
configure:4390: result: gcc3
configure:4453: checking how to print strings
configure:4480: result: printf
configure:4501: checking for a sed that does not truncate output
configure:4565: result: /bin/sed
configure:4583: checking for grep that handles long lines and -e
configure:4641: result: /bin/grep
configure:4646: checking for egrep
configure:4708: result: /bin/grep -E
configure:4713: checking for fgrep
configure:4775: result: /bin/grep -F
configure:4810: checking for ld used by arm-buildroot-linux-gnueabihf-gcc
configure:4877: result: arm-buildroot-linux-gnueabihf-ld
configure:4884: checking if the linker (arm-buildroot-linux-gnueabihf-ld) is GNU ld
configure:4899: result: yes
configure:4911: checking for BSD- or MS-compatible name lister (nm)
configure:4965: result: /wks/buildroot-2015.08.1/output/host/usr/bin/arm-buildroot-linux-gnueabihf-nm -B
configure:5095: checking the name lister (/wks/buildroot-2015.08.1/output/host/usr/bin/arm-buildroot-linux-gnueabihf-nm -B) interface
configure:5102: arm-buildroot-linux-gnueabihf-gcc -c -g -O2  conftest.c >&5
configure:5105: /wks/buildroot-2015.08.1/output/host/usr/bin/arm-buildroot-linux-gnueabihf-nm -B "conftest.o"
configure:5108: output
00000000 B some_variable
configure:5115: result: BSD nm
configure:5118: checking whether ln -s works
configure:5122: result: yes
configure:5130: checking the maximum length of command line arguments
configure:5261: result: 1572864
configure:5309: checking how to convert x86_64-unknown-linux-gnu file names to arm-buildroot-linux-gnueabihf format
configure:5349: result: func_convert_file_noop
configure:5356: checking how to convert x86_64-unknown-linux-gnu file names to toolchain format
configure:5376: result: func_convert_file_noop
configure:5383: checking for arm-buildroot-linux-gnueabihf-ld option to reload object files
configure:5390: result: -r
configure:5424: checking for arm-buildroot-linux-gnueabihf-objdump
configure:5440: found /wks/buildroot-2015.08.1/output/host/usr/bin/arm-buildroot-linux-gnueabihf-objdump
configure:5451: result: arm-buildroot-linux-gnueabihf-objdump
configure:5523: checking how to recognize dependent libraries
configure:5723: result: pass_all
configure:5768: checking for arm-buildroot-linux-gnueabihf-dlltool
configure:5798: result: no
configure:5808: checking for dlltool
configure:5838: result: no
configure:5868: checking how to associate runtime and link libraries
configure:5895: result: printf %s\n
configure:5912: checking for arm-buildroot-linux-gnueabihf-ar
configure:5928: found /wks/buildroot-2015.08.1/output/host/usr/bin/arm-buildroot-linux-gnueabihf-ar
configure:5939: result: arm-buildroot-linux-gnueabihf-ar
configure:6020: checking for archiver @FILE support
configure:6037: arm-buildroot-linux-gnueabihf-gcc -c -g -O2  conftest.c >&5
configure:6037: $? = 0
configure:6040: arm-buildroot-linux-gnueabihf-ar cru libconftest.a @conftest.lst >&5
configure:6043: $? = 0
configure:6048: arm-buildroot-linux-gnueabihf-ar cru libconftest.a @conftest.lst >&5
arm-buildroot-linux-gnueabihf-ar: conftest.o: No such file or directory
configure:6051: $? = 1
configure:6063: result: @
configure:6081: checking for arm-buildroot-linux-gnueabihf-strip
configure:6108: result: arm-buildroot-linux-gnueabihf-strip
configure:6180: checking for arm-buildroot-linux-gnueabihf-ranlib
configure:6196: found /wks/buildroot-2015.08.1/output/host/usr/bin/arm-buildroot-linux-gnueabihf-ranlib
configure:6207: result: arm-buildroot-linux-gnueabihf-ranlib
configure:6349: checking command to parse /wks/buildroot-2015.08.1/output/host/usr/bin/arm-buildroot-linux-gnueabihf-nm -B output from arm-buildroot-linux-gnueabihf-gcc object
configure:6502: arm-buildroot-linux-gnueabihf-gcc -c -g -O2  conftest.c >&5
configure:6505: $? = 0
configure:6509: /wks/buildroot-2015.08.1/output/host/usr/bin/arm-buildroot-linux-gnueabihf-nm -B conftest.o \| sed -n -e 's/^.*[ ]\([ABCDGIRSTW][ABCDGIRSTW]*\)[ ][ ]*\([_A-Za-z][_A-Za-z0-9]*\)$/\1 \2 \2/p' | sed '/ __gnu_lto/d' \> conftest.nm
configure:6512: $? = 0
configure:6578: arm-buildroot-linux-gnueabihf-gcc -o conftest -g -O2   conftest.c conftstm.o >&5
configure:6581: $? = 0
configure:6619: result: ok
configure:6666: checking for sysroot
configure:6696: result: no
configure:6703: checking for a working dd
configure:6741: result: /bin/dd
configure:6745: checking how to truncate binary pipes
configure:6760: result: /bin/dd bs=4096 count=1
configure:7049: checking for arm-buildroot-linux-gnueabihf-mt
configure:7079: result: no
configure:7089: checking for mt
configure:7105: found /bin/mt
configure:7116: result: mt
configure:7128: WARNING: using cross tools not prefixed with host triplet
configure:7139: checking if mt is a manifest tool
configure:7145: mt '-?'
configure:7153: result: no
configure:7830: checking how to run the C preprocessor
configure:7861: arm-buildroot-linux-gnueabihf-gcc -E  conftest.c
configure:7861: $? = 0
configure:7875: arm-buildroot-linux-gnueabihf-gcc -E  conftest.c
conftest.c:11:28: fatal error: ac_nonexistent.h: No such file or directory
 #include <ac_nonexistent.h>
                            ^
compilation terminated.
configure:7875: $? = 1
configure: failed program was:
| /* confdefs.h */
| #define PACKAGE_NAME "libarmhelloworld"
| #define PACKAGE_TARNAME "libarmhelloworld"
| #define PACKAGE_VERSION "1.0"
| #define PACKAGE_STRING "libarmhelloworld 1.0"
| #define PACKAGE_BUGREPORT ""
| #define PACKAGE_URL ""
| #define PACKAGE "libarmhelloworld"
| #define VERSION "1.0"
| /* end confdefs.h.  */
| #include <ac_nonexistent.h>
configure:7900: result: arm-buildroot-linux-gnueabihf-gcc -E
configure:7920: arm-buildroot-linux-gnueabihf-gcc -E  conftest.c
configure:7920: $? = 0
configure:7934: arm-buildroot-linux-gnueabihf-gcc -E  conftest.c
conftest.c:11:28: fatal error: ac_nonexistent.h: No such file or directory
 #include <ac_nonexistent.h>
                            ^
compilation terminated.
configure:7934: $? = 1
configure: failed program was:
| /* confdefs.h */
| #define PACKAGE_NAME "libarmhelloworld"
| #define PACKAGE_TARNAME "libarmhelloworld"
| #define PACKAGE_VERSION "1.0"
| #define PACKAGE_STRING "libarmhelloworld 1.0"
| #define PACKAGE_BUGREPORT ""
| #define PACKAGE_URL ""
| #define PACKAGE "libarmhelloworld"
| #define VERSION "1.0"
| /* end confdefs.h.  */
| #include <ac_nonexistent.h>
configure:7963: checking for ANSI C header files
configure:7983: arm-buildroot-linux-gnueabihf-gcc -c -g -O2  conftest.c >&5
configure:7983: $? = 0
configure:8067: result: yes
configure:8080: checking for sys/types.h
configure:8080: arm-buildroot-linux-gnueabihf-gcc -c -g -O2  conftest.c >&5
configure:8080: $? = 0
configure:8080: result: yes
configure:8080: checking for sys/stat.h
configure:8080: arm-buildroot-linux-gnueabihf-gcc -c -g -O2  conftest.c >&5
configure:8080: $? = 0
configure:8080: result: yes
configure:8080: checking for stdlib.h
configure:8080: arm-buildroot-linux-gnueabihf-gcc -c -g -O2  conftest.c >&5
configure:8080: $? = 0
configure:8080: result: yes
configure:8080: checking for string.h
configure:8080: arm-buildroot-linux-gnueabihf-gcc -c -g -O2  conftest.c >&5
configure:8080: $? = 0
configure:8080: result: yes
configure:8080: checking for memory.h
configure:8080: arm-buildroot-linux-gnueabihf-gcc -c -g -O2  conftest.c >&5
configure:8080: $? = 0
configure:8080: result: yes
configure:8080: checking for strings.h
configure:8080: arm-buildroot-linux-gnueabihf-gcc -c -g -O2  conftest.c >&5
configure:8080: $? = 0
configure:8080: result: yes
configure:8080: checking for inttypes.h
configure:8080: arm-buildroot-linux-gnueabihf-gcc -c -g -O2  conftest.c >&5
configure:8080: $? = 0
configure:8080: result: yes
configure:8080: checking for stdint.h
configure:8080: arm-buildroot-linux-gnueabihf-gcc -c -g -O2  conftest.c >&5
configure:8080: $? = 0
configure:8080: result: yes
configure:8080: checking for unistd.h
configure:8080: arm-buildroot-linux-gnueabihf-gcc -c -g -O2  conftest.c >&5
configure:8080: $? = 0
configure:8080: result: yes
configure:8094: checking for dlfcn.h
configure:8094: arm-buildroot-linux-gnueabihf-gcc -c -g -O2  conftest.c >&5
configure:8094: $? = 0
configure:8094: result: yes
configure:8361: checking for objdir
configure:8376: result: .libs
configure:8636: checking if arm-buildroot-linux-gnueabihf-gcc supports -fno-rtti -fno-exceptions
configure:8654: arm-buildroot-linux-gnueabihf-gcc -c -g -O2  -fno-rtti -fno-exceptions conftest.c >&5
cc1: warning: command line option '-fno-rtti' is valid for C++/ObjC++ but not for C
configure:8658: $? = 0
configure:8671: result: no
configure:9029: checking for arm-buildroot-linux-gnueabihf-gcc option to produce PIC
configure:9036: result: -fPIC -DPIC
configure:9044: checking if arm-buildroot-linux-gnueabihf-gcc PIC flag -fPIC -DPIC works
configure:9062: arm-buildroot-linux-gnueabihf-gcc -c -g -O2  -fPIC -DPIC -DPIC conftest.c >&5
configure:9066: $? = 0
configure:9079: result: yes
configure:9108: checking if arm-buildroot-linux-gnueabihf-gcc static flag -static works
configure:9136: result: yes
configure:9151: checking if arm-buildroot-linux-gnueabihf-gcc supports -c -o file.o
configure:9172: arm-buildroot-linux-gnueabihf-gcc -c -g -O2  -o out/conftest2.o conftest.c >&5
configure:9176: $? = 0
configure:9198: result: yes
configure:9206: checking if arm-buildroot-linux-gnueabihf-gcc supports -c -o file.o
configure:9253: result: yes
configure:9286: checking whether the arm-buildroot-linux-gnueabihf-gcc linker (arm-buildroot-linux-gnueabihf-ld) supports shared libraries
configure:10545: result: yes
configure:10582: checking whether -lc should be explicitly linked in
configure:10590: arm-buildroot-linux-gnueabihf-gcc -c -g -O2  conftest.c >&5
configure:10593: $? = 0
configure:10608: arm-buildroot-linux-gnueabihf-gcc -shared  -fPIC -DPIC conftest.o  -v -Wl,-soname -Wl,conftest -o conftest 2\>\&1 \| /bin/grep  -lc  \>/dev/null 2\>\&1
configure:10611: $? = 0
configure:10625: result: no
configure:10785: checking dynamic linker characteristics
configure:11366: arm-buildroot-linux-gnueabihf-gcc -o conftest -g -O2   -Wl,-rpath -Wl,/foo conftest.c  >&5
configure:11366: $? = 0
configure:11603: result: GNU/Linux ld.so
configure:11725: checking how to hardcode library paths into programs
configure:11750: result: immediate
configure:12298: checking whether stripping libraries is possible
configure:12303: result: yes
configure:12338: checking if libtool supports shared libraries
configure:12340: result: yes
configure:12343: checking whether to build shared libraries
configure:12368: result: yes
configure:12371: checking whether to build static libraries
configure:12375: result: yes
configure:12398: checking how to run the C++ preprocessor
configure:12425: arm-buildroot-linux-gnueabihf-g++ -E  conftest.cpp
configure:12425: $? = 0
configure:12439: arm-buildroot-linux-gnueabihf-g++ -E  conftest.cpp
conftest.cpp:23:28: fatal error: ac_nonexistent.h: No such file or directory
 #include <ac_nonexistent.h>
                            ^
compilation terminated.
configure:12439: $? = 1
configure: failed program was:
| /* confdefs.h */
| #define PACKAGE_NAME "libarmhelloworld"
| #define PACKAGE_TARNAME "libarmhelloworld"
| #define PACKAGE_VERSION "1.0"
| #define PACKAGE_STRING "libarmhelloworld 1.0"
| #define PACKAGE_BUGREPORT ""
| #define PACKAGE_URL ""
| #define PACKAGE "libarmhelloworld"
| #define VERSION "1.0"
| #define STDC_HEADERS 1
| #define HAVE_SYS_TYPES_H 1
| #define HAVE_SYS_STAT_H 1
| #define HAVE_STDLIB_H 1
| #define HAVE_STRING_H 1
| #define HAVE_MEMORY_H 1
| #define HAVE_STRINGS_H 1
| #define HAVE_INTTYPES_H 1
| #define HAVE_STDINT_H 1
| #define HAVE_UNISTD_H 1
| #define HAVE_DLFCN_H 1
| #define LT_OBJDIR ".libs/"
| /* end confdefs.h.  */
| #include <ac_nonexistent.h>
configure:12464: result: arm-buildroot-linux-gnueabihf-g++ -E
configure:12484: arm-buildroot-linux-gnueabihf-g++ -E  conftest.cpp
configure:12484: $? = 0
configure:12498: arm-buildroot-linux-gnueabihf-g++ -E  conftest.cpp
conftest.cpp:23:28: fatal error: ac_nonexistent.h: No such file or directory
 #include <ac_nonexistent.h>
                            ^
compilation terminated.
configure:12498: $? = 1
configure: failed program was:
| /* confdefs.h */
| #define PACKAGE_NAME "libarmhelloworld"
| #define PACKAGE_TARNAME "libarmhelloworld"
| #define PACKAGE_VERSION "1.0"
| #define PACKAGE_STRING "libarmhelloworld 1.0"
| #define PACKAGE_BUGREPORT ""
| #define PACKAGE_URL ""
| #define PACKAGE "libarmhelloworld"
| #define VERSION "1.0"
| #define STDC_HEADERS 1
| #define HAVE_SYS_TYPES_H 1
| #define HAVE_SYS_STAT_H 1
| #define HAVE_STDLIB_H 1
| #define HAVE_STRING_H 1
| #define HAVE_MEMORY_H 1
| #define HAVE_STRINGS_H 1
| #define HAVE_INTTYPES_H 1
| #define HAVE_STDINT_H 1
| #define HAVE_UNISTD_H 1
| #define HAVE_DLFCN_H 1
| #define LT_OBJDIR ".libs/"
| /* end confdefs.h.  */
| #include <ac_nonexistent.h>
configure:12660: checking for ld used by arm-buildroot-linux-gnueabihf-g++
configure:12727: result: arm-buildroot-linux-gnueabihf-ld
configure:12734: checking if the linker (arm-buildroot-linux-gnueabihf-ld) is GNU ld
configure:12749: result: yes
configure:12804: checking whether the arm-buildroot-linux-gnueabihf-g++ linker (arm-buildroot-linux-gnueabihf-ld) supports shared libraries
configure:13877: result: yes
configure:13913: arm-buildroot-linux-gnueabihf-g++ -c -g -O2  conftest.cpp >&5
configure:13916: $? = 0
configure:14397: checking for arm-buildroot-linux-gnueabihf-g++ option to produce PIC
configure:14404: result: -fPIC -DPIC
configure:14412: checking if arm-buildroot-linux-gnueabihf-g++ PIC flag -fPIC -DPIC works
configure:14430: arm-buildroot-linux-gnueabihf-g++ -c -g -O2  -fPIC -DPIC -DPIC conftest.cpp >&5
configure:14434: $? = 0
configure:14447: result: yes
configure:14470: checking if arm-buildroot-linux-gnueabihf-g++ static flag -static works
configure:14498: result: yes
configure:14510: checking if arm-buildroot-linux-gnueabihf-g++ supports -c -o file.o
configure:14531: arm-buildroot-linux-gnueabihf-g++ -c -g -O2  -o out/conftest2.o conftest.cpp >&5
configure:14535: $? = 0
configure:14557: result: yes
configure:14562: checking if arm-buildroot-linux-gnueabihf-g++ supports -c -o file.o
configure:14609: result: yes
configure:14639: checking whether the arm-buildroot-linux-gnueabihf-g++ linker (arm-buildroot-linux-gnueabihf-ld) supports shared libraries
configure:14679: result: yes
configure:14820: checking dynamic linker characteristics
configure:15565: result: GNU/Linux ld.so
configure:15630: checking how to hardcode library paths into programs
configure:15655: result: immediate
configure:15866: checking that generated files are newer than configure
configure:15872: result: done
configure:15899: creating ./config.status

## ---------------------- ##
## Running config.status. ##
## ---------------------- ##

This file was extended by libarmhelloworld config.status 1.0, which was
generated by GNU Autoconf 2.69.  Invocation command line was

  CONFIG_FILES    = 
  CONFIG_HEADERS  = 
  CONFIG_LINKS    = 
  CONFIG_COMMANDS = 
  $ ./config.status 

on debian64-devel

config.status:1076: creating Makefile
config.status:1076: creating exampleProgram/Makefile
config.status:1076: creating libarmhelloworld/Makefile
config.status:1076: creating include/Makefile
config.status:1248: executing depfiles commands
config.status:1248: executing libtool commands

## ---------------- ##
## Cache variables. ##
## ---------------- ##

ac_cv_build=x86_64-unknown-linux-gnu
ac_cv_c_compiler_gnu=yes
ac_cv_cxx_compiler_gnu=yes
ac_cv_env_CCC_set=
ac_cv_env_CCC_value=
ac_cv_env_CC_set=set
ac_cv_env_CC_value=arm-buildroot-linux-gnueabihf-gcc
ac_cv_env_CFLAGS_set=
ac_cv_env_CFLAGS_value=
ac_cv_env_CPPFLAGS_set=
ac_cv_env_CPPFLAGS_value=
ac_cv_env_CPP_set=
ac_cv_env_CPP_value=
ac_cv_env_CXXCPP_set=
ac_cv_env_CXXCPP_value=
ac_cv_env_CXXFLAGS_set=
ac_cv_env_CXXFLAGS_value=
ac_cv_env_CXX_set=set
ac_cv_env_CXX_value=arm-buildroot-linux-gnueabihf-g++
ac_cv_env_LDFLAGS_set=
ac_cv_env_LDFLAGS_value=
ac_cv_env_LIBS_set=
ac_cv_env_LIBS_value=
ac_cv_env_LT_SYS_LIBRARY_PATH_set=
ac_cv_env_LT_SYS_LIBRARY_PATH_value=
ac_cv_env_build_alias_set=
ac_cv_env_build_alias_value=
ac_cv_env_host_alias_set=set
ac_cv_env_host_alias_value=arm-buildroot-linux-gnueabihf
ac_cv_env_target_alias_set=
ac_cv_env_target_alias_value=
ac_cv_header_dlfcn_h=yes
ac_cv_header_inttypes_h=yes
ac_cv_header_memory_h=yes
ac_cv_header_stdc=yes
ac_cv_header_stdint_h=yes
ac_cv_header_stdlib_h=yes
ac_cv_header_string_h=yes
ac_cv_header_strings_h=yes
ac_cv_header_sys_stat_h=yes
ac_cv_header_sys_types_h=yes
ac_cv_header_unistd_h=yes
ac_cv_host=arm-buildroot-linux-gnueabihf
ac_cv_objext=o
ac_cv_path_EGREP='/bin/grep -E'
ac_cv_path_FGREP='/bin/grep -F'
ac_cv_path_GREP=/bin/grep
ac_cv_path_SED=/bin/sed
ac_cv_path_install='/usr/bin/install -c'
ac_cv_path_lt_DD=/bin/dd
ac_cv_path_mkdir=/bin/mkdir
ac_cv_prog_AR=arm-buildroot-linux-gnueabihf-ar
ac_cv_prog_AWK=gawk
ac_cv_prog_CC=arm-buildroot-linux-gnueabihf-gcc
ac_cv_prog_CPP='arm-buildroot-linux-gnueabihf-gcc -E'
ac_cv_prog_CXXCPP='arm-buildroot-linux-gnueabihf-g++ -E'
ac_cv_prog_OBJDUMP=arm-buildroot-linux-gnueabihf-objdump
ac_cv_prog_RANLIB=arm-buildroot-linux-gnueabihf-ranlib
ac_cv_prog_STRIP=arm-buildroot-linux-gnueabihf-strip
ac_cv_prog_ac_ct_MANIFEST_TOOL=mt
ac_cv_prog_cc_c89=
ac_cv_prog_cc_g=yes
ac_cv_prog_cxx_g=yes
ac_cv_prog_make_make_set=yes
ac_cv_target=arm-buildroot-linux-gnueabihf
am_cv_CC_dependencies_compiler_type=gcc3
am_cv_CXX_dependencies_compiler_type=gcc3
am_cv_make_support_nested_variables=yes
am_cv_prog_cc_c_o=yes
lt_cv_ar_at_file=@
lt_cv_archive_cmds_need_lc=no
lt_cv_deplibs_check_method=pass_all
lt_cv_file_magic_cmd='$MAGIC_CMD'
lt_cv_file_magic_test_file=
lt_cv_ld_reload_flag=-r
lt_cv_nm_interface='BSD nm'
lt_cv_objdir=.libs
lt_cv_path_LD=arm-buildroot-linux-gnueabihf-ld
lt_cv_path_LDCXX=arm-buildroot-linux-gnueabihf-ld
lt_cv_path_NM='/wks/buildroot-2015.08.1/output/host/usr/bin/arm-buildroot-linux-gnueabihf-nm -B'
lt_cv_path_mainfest_tool=no
lt_cv_prog_compiler_c_o=yes
lt_cv_prog_compiler_c_o_CXX=yes
lt_cv_prog_compiler_pic='-fPIC -DPIC'
lt_cv_prog_compiler_pic_CXX='-fPIC -DPIC'
lt_cv_prog_compiler_pic_works=yes
lt_cv_prog_compiler_pic_works_CXX=yes
lt_cv_prog_compiler_rtti_exceptions=no
lt_cv_prog_compiler_static_works=yes
lt_cv_prog_compiler_static_works_CXX=yes
lt_cv_prog_gnu_ld=yes
lt_cv_prog_gnu_ldcxx=yes
lt_cv_sharedlib_from_linklib_cmd='printf %s\n'
lt_cv_shlibpath_overrides_runpath=no
lt_cv_sys_global_symbol_pipe='sed -n -e '\''s/^.*[	 ]\([ABCDGIRSTW][ABCDGIRSTW]*\)[	 ][	 ]*\([_A-Za-z][_A-Za-z0-9]*\)$/\1 \2 \2/p'\'' | sed '\''/ __gnu_lto/d'\'''
lt_cv_sys_global_symbol_to_c_name_address='sed -n -e '\''s/^: \(.*\) .*$/  {"\1", (void *) 0},/p'\'' -e '\''s/^[ABCDGIRSTW][ABCDGIRSTW]* .* \(.*\)$/  {"\1", (void *) \&\1},/p'\'''
lt_cv_sys_global_symbol_to_c_name_address_lib_prefix='sed -n -e '\''s/^: \(.*\) .*$/  {"\1", (void *) 0},/p'\'' -e '\''s/^[ABCDGIRSTW][ABCDGIRSTW]* .* \(lib.*\)$/  {"\1", (void *) \&\1},/p'\'' -e '\''s/^[ABCDGIRSTW][ABCDGIRSTW]* .* \(.*\)$/  {"lib\1", (void *) \&\1},/p'\'''
lt_cv_sys_global_symbol_to_cdecl='sed -n -e '\''s/^T .* \(.*\)$/extern int \1();/p'\'' -e '\''s/^[ABCDGIRSTW][ABCDGIRSTW]* .* \(.*\)$/extern char \1;/p'\'''
lt_cv_sys_global_symbol_to_import=
lt_cv_sys_max_cmd_len=1572864
lt_cv_to_host_file_cmd=func_convert_file_noop
lt_cv_to_tool_file_cmd=func_convert_file_noop
lt_cv_truncate_bin='/bin/dd bs=4096 count=1'

## ----------------- ##
## Output variables. ##
## ----------------- ##

ACLOCAL='${SHELL} /wks/workspace/Homer/libarmhelloworld/missing aclocal-1.15'
AMDEPBACKSLASH='\'
AMDEP_FALSE='#'
AMDEP_TRUE=''
AMTAR='$${TAR-tar}'
AM_BACKSLASH='\'
AM_DEFAULT_V='$(AM_DEFAULT_VERBOSITY)'
AM_DEFAULT_VERBOSITY='1'
AM_V='$(V)'
AR='arm-buildroot-linux-gnueabihf-ar'
AUTOCONF='${SHELL} /wks/workspace/Homer/libarmhelloworld/missing autoconf'
AUTOHEADER='${SHELL} /wks/workspace/Homer/libarmhelloworld/missing autoheader'
AUTOMAKE='${SHELL} /wks/workspace/Homer/libarmhelloworld/missing automake-1.15'
AWK='gawk'
CC='arm-buildroot-linux-gnueabihf-gcc'
CCDEPMODE='depmode=gcc3'
CFLAGS='-g -O2'
CPP='arm-buildroot-linux-gnueabihf-gcc -E'
CPPFLAGS=''
CXX='arm-buildroot-linux-gnueabihf-g++'
CXXCPP='arm-buildroot-linux-gnueabihf-g++ -E'
CXXDEPMODE='depmode=gcc3'
CXXFLAGS='-g -O2'
CYGPATH_W='echo'
DEFS='-DPACKAGE_NAME=\"libarmhelloworld\" -DPACKAGE_TARNAME=\"libarmhelloworld\" -DPACKAGE_VERSION=\"1.0\" -DPACKAGE_STRING=\"libarmhelloworld\ 1.0\" -DPACKAGE_BUGREPORT=\"\" -DPACKAGE_URL=\"\" -DPACKAGE=\"libarmhelloworld\" -DVERSION=\"1.0\" -DSTDC_HEADERS=1 -DHAVE_SYS_TYPES_H=1 -DHAVE_SYS_STAT_H=1 -DHAVE_STDLIB_H=1 -DHAVE_STRING_H=1 -DHAVE_MEMORY_H=1 -DHAVE_STRINGS_H=1 -DHAVE_INTTYPES_H=1 -DHAVE_STDINT_H=1 -DHAVE_UNISTD_H=1 -DHAVE_DLFCN_H=1 -DLT_OBJDIR=\".libs/\"'
DEPDIR='.deps'
DLLTOOL='false'
DSYMUTIL=''
DUMPBIN=''
ECHO_C=''
ECHO_N='-n'
ECHO_T=''
EGREP='/bin/grep -E'
EXEEXT=''
FGREP='/bin/grep -F'
GREP='/bin/grep'
INSTALL_DATA='${INSTALL} -m 644'
INSTALL_PROGRAM='${INSTALL}'
INSTALL_SCRIPT='${INSTALL}'
INSTALL_STRIP_PROGRAM='$(install_sh) -c -s'
LD='arm-buildroot-linux-gnueabihf-ld'
LDFLAGS=''
LIBOBJS=''
LIBS=''
LIBTOOL='$(SHELL) $(top_builddir)/libtool'
LIPO=''
LN_S='ln -s'
LTLIBOBJS=''
LT_SYS_LIBRARY_PATH=''
MAKEINFO='${SHELL} /wks/workspace/Homer/libarmhelloworld/missing makeinfo'
MANIFEST_TOOL=':'
MKDIR_P='/bin/mkdir -p'
NM='/wks/buildroot-2015.08.1/output/host/usr/bin/arm-buildroot-linux-gnueabihf-nm -B'
NMEDIT=''
OBJDUMP='arm-buildroot-linux-gnueabihf-objdump'
OBJEXT='o'
OTOOL64=''
OTOOL=''
PACKAGE='libarmhelloworld'
PACKAGE_BUGREPORT=''
PACKAGE_NAME='libarmhelloworld'
PACKAGE_STRING='libarmhelloworld 1.0'
PACKAGE_TARNAME='libarmhelloworld'
PACKAGE_URL=''
PACKAGE_VERSION='1.0'
PATH_SEPARATOR=':'
RANLIB='arm-buildroot-linux-gnueabihf-ranlib'
SED='/bin/sed'
SET_MAKE=''
SHELL='/bin/bash'
STRIP='arm-buildroot-linux-gnueabihf-strip'
VERSION='1.0'
ac_ct_AR=''
ac_ct_CC=''
ac_ct_CXX=''
ac_ct_DUMPBIN=''
am__EXEEXT_FALSE=''
am__EXEEXT_TRUE='#'
am__fastdepCC_FALSE='#'
am__fastdepCC_TRUE=''
am__fastdepCXX_FALSE='#'
am__fastdepCXX_TRUE=''
am__include='include'
am__isrc=''
am__leading_dot='.'
am__nodep='_no'
am__quote=''
am__tar='$${TAR-tar} chof - "$$tardir"'
am__untar='$${TAR-tar} xf -'
bindir='${exec_prefix}/bin'
build='x86_64-unknown-linux-gnu'
build_alias=''
build_cpu='x86_64'
build_os='linux-gnu'
build_vendor='unknown'
datadir='${datarootdir}'
datarootdir='${prefix}/share'
docdir='${datarootdir}/doc/${PACKAGE_TARNAME}'
dvidir='${docdir}'
exec_prefix='${prefix}'
host='arm-buildroot-linux-gnueabihf'
host_alias='arm-buildroot-linux-gnueabihf'
host_cpu='arm'
host_os='linux-gnueabihf'
host_vendor='buildroot'
htmldir='${docdir}'
includedir='${prefix}/include'
infodir='${datarootdir}/info'
install_sh='${SHELL} /wks/workspace/Homer/libarmhelloworld/install-sh'
libdir='${exec_prefix}/lib'
libexecdir='${exec_prefix}/libexec'
localedir='${datarootdir}/locale'
localstatedir='${prefix}/var'
mandir='${datarootdir}/man'
mkdir_p='$(MKDIR_P)'
oldincludedir='/usr/include'
pdfdir='${docdir}'
prefix='/usr/local'
program_transform_name='s,x,x,'
psdir='${docdir}'
sbindir='${exec_prefix}/sbin'
sharedstatedir='${prefix}/com'
sysconfdir='${prefix}/etc'
target='arm-buildroot-linux-gnueabihf'
target_alias=''
target_cpu='arm'
target_os='linux-gnueabihf'
target_vendor='buildroot'

## ----------- ##
## confdefs.h. ##
## ----------- ##

/* confdefs.h */
#define PACKAGE_NAME "libarmhelloworld"
#define PACKAGE_TARNAME "libarmhelloworld"
#define PACKAGE_VERSION "1.0"
#define PACKAGE_STRING "libarmhelloworld 1.0"
#define PACKAGE_BUGREPORT ""
#define PACKAGE_URL ""
#define PACKAGE "libarmhelloworld"
#define VERSION "1.0"
#define STDC_HEADERS 1
#define HAVE_SYS_TYPES_H 1
#define HAVE_SYS_STAT_H 1
#define HAVE_STDLIB_H 1
#define HAVE_STRING_H 1
#define HAVE_MEMORY_H 1
#define HAVE_STRINGS_H 1
#define HAVE_INTTYPES_H 1
#define HAVE_STDINT_H 1
#define HAVE_UNISTD_H 1
#define HAVE_DLFCN_H 1
#define LT_OBJDIR ".libs/"

configure: exit 0
