This file contains any messages produced by compilers while
running configure, to aid debugging if configure makes a mistake.

It was created by HelloWorld-auto configure 1.0, which was
generated by GNU Autoconf 2.69.  Invocation command line was

  $ /wks/workspace/Homer/HelloWorld-auto/configure --host=arm-buildroot-linux-gnueabihf

## --------- ##
## Platform. ##
## --------- ##

hostname = debian64-devel
uname -m = x86_64
uname -r = 3.16.0-4-amd64
uname -s = Linux
uname -v = #1 SMP Debian 3.16.7-ckt20-1+deb8u1 (2015-12-14)

/usr/bin/uname -p = unknown
/bin/uname -X     = unknown

/bin/arch              = unknown
/usr/bin/arch -k       = unknown
/usr/convex/getsysinfo = unknown
/usr/bin/hostinfo      = unknown
/bin/machine           = unknown
/usr/bin/oslevel       = unknown
/bin/universe          = unknown

PATH: /wks/buildroot-2015.08.1/output/host/usr/bin
PATH: /usr/local/bin
PATH: /usr/bin
PATH: /bin
PATH: /usr/local/games
PATH: /usr/games
PATH: /wks/buildroot-2015.08.1/output/host/usr/bin/


## ----------- ##
## Core tests. ##
## ----------- ##

configure:1836: checking build system type
configure:1850: result: x86_64-unknown-linux-gnu
configure:1870: checking host system type
configure:1883: result: arm-buildroot-linux-gnueabihf
configure:1903: checking target system type
configure:1916: result: arm-buildroot-linux-gnueabihf
configure:1959: checking for a BSD-compatible install
configure:2027: result: /usr/bin/install -c
configure:2038: checking whether build environment is sane
configure:2093: result: yes
configure:2152: checking for arm-buildroot-linux-gnueabihf-strip
configure:2168: found /wks/buildroot-2015.08.1/output/host/usr/bin/arm-buildroot-linux-gnueabihf-strip
configure:2179: result: arm-buildroot-linux-gnueabihf-strip
configure:2244: checking for a thread-safe mkdir -p
configure:2283: result: /bin/mkdir -p
configure:2290: checking for gawk
configure:2306: found /wks/buildroot-2015.08.1/output/host/usr/bin/gawk
configure:2317: result: gawk
configure:2328: checking whether make sets $(MAKE)
configure:2350: result: yes
configure:2379: checking whether make supports nested variables
configure:2396: result: yes
configure:2635: checking for C++ compiler version
configure:2644: arm-buildroot-linux-gnueabihf-g++ --version >&5
arm-buildroot-linux-gnueabihf-g++ (Buildroot 2015.08.1) 4.9.3
Copyright (C) 2015 Free Software Foundation, Inc.
This is free software; see the source for copying conditions.  There is NO
warranty; not even for MERCHANTABILITY or FITNESS FOR A PARTICULAR PURPOSE.

configure:2655: $? = 0
configure:2644: arm-buildroot-linux-gnueabihf-g++ -v >&5
Using built-in specs.
COLLECT_GCC=arm-buildroot-linux-gnueabihf-g++
COLLECT_LTO_WRAPPER=/wks/buildroot-2015.08.1/output/host/usr/libexec/gcc/arm-buildroot-linux-gnueabihf/4.9.3/lto-wrapper
Target: arm-buildroot-linux-gnueabihf
Configured with: ./configure --prefix=/wks/buildroot-2015.08.1/output/host/usr --sysconfdir=/wks/buildroot-2015.08.1/output/host/etc --enable-static --target=arm-buildroot-linux-gnueabihf --with-sysroot=/wks/buildroot-2015.08.1/output/host/usr/arm-buildroot-linux-gnueabihf/sysroot --disable-__cxa_atexit --with-gnu-ld --disable-libssp --disable-multilib --with-gmp=/wks/buildroot-2015.08.1/output/host/usr --with-mpfr=/wks/buildroot-2015.08.1/output/host/usr --with-pkgversion='Buildroot 2015.08.1' --with-bugurl=http://bugs.buildroot.net/ --disable-libquadmath --enable-tls --disable-libmudflap --enable-threads --with-mpc=/wks/buildroot-2015.08.1/output/host/usr --without-isl --without-cloog --disable-decimal-float --with-abi=aapcs-linux --with-cpu=cortex-a5 --with-fpu=vfpv4-d16 --with-float=hard --with-mode=thumb --enable-languages=c,c++ --enable-poison-system-directories --with-build-time-tools=/wks/buildroot-2015.08.1/output/host/usr/arm-buildroot-linux-gnueabihf/bin --enable-shared --disable-libgomp
Thread model: posix
gcc version 4.9.3 (Buildroot 2015.08.1) 
configure:2655: $? = 0
configure:2644: arm-buildroot-linux-gnueabihf-g++ -V >&5
arm-buildroot-linux-gnueabihf-g++: error: unrecognized command line option '-V'
arm-buildroot-linux-gnueabihf-g++: fatal error: no input files
compilation terminated.
configure:2655: $? = 1
configure:2644: arm-buildroot-linux-gnueabihf-g++ -qversion >&5
arm-buildroot-linux-gnueabihf-g++: error: unrecognized command line option '-qversion'
arm-buildroot-linux-gnueabihf-g++: fatal error: no input files
compilation terminated.
configure:2655: $? = 1
configure:2675: checking whether the C++ compiler works
configure:2697: arm-buildroot-linux-gnueabihf-g++    conftest.cpp  >&5
configure:2701: $? = 0
configure:2749: result: yes
configure:2752: checking for C++ compiler default output file name
configure:2754: result: a.out
configure:2760: checking for suffix of executables
configure:2767: arm-buildroot-linux-gnueabihf-g++ -o conftest    conftest.cpp  >&5
configure:2771: $? = 0
configure:2793: result: 
configure:2815: checking whether we are cross compiling
configure:2823: arm-buildroot-linux-gnueabihf-g++ -o conftest    conftest.cpp  >&5
configure:2827: $? = 0
configure:2834: ./conftest
/wks/workspace/Homer/HelloWorld-auto/configure: line 2836: ./conftest: cannot execute binary file: Exec format error
configure:2838: $? = 126
configure:2853: result: yes
configure:2858: checking for suffix of object files
configure:2880: arm-buildroot-linux-gnueabihf-g++ -c   conftest.cpp >&5
configure:2884: $? = 0
configure:2905: result: o
configure:2909: checking whether we are using the GNU C++ compiler
configure:2928: arm-buildroot-linux-gnueabihf-g++ -c   conftest.cpp >&5
configure:2928: $? = 0
configure:2937: result: yes
configure:2946: checking whether arm-buildroot-linux-gnueabihf-g++ accepts -g
configure:2966: arm-buildroot-linux-gnueabihf-g++ -c -g  conftest.cpp >&5
configure:2966: $? = 0
configure:3007: result: yes
configure:3041: checking for style of include used by make
configure:3069: result: GNU
configure:3095: checking dependency style of arm-buildroot-linux-gnueabihf-g++
configure:3206: result: gcc3
configure:3369: checking that generated files are newer than configure
configure:3375: result: done
configure:3398: creating ./config.status

## ---------------------- ##
## Running config.status. ##
## ---------------------- ##

This file was extended by HelloWorld-auto config.status 1.0, which was
generated by GNU Autoconf 2.69.  Invocation command line was

  CONFIG_FILES    = 
  CONFIG_HEADERS  = 
  CONFIG_LINKS    = 
  CONFIG_COMMANDS = 
  $ ./config.status 

on debian64-devel

config.status:785: creating Makefile
config.status:785: creating src/Makefile
config.status:957: executing depfiles commands

## ---------------- ##
## Cache variables. ##
## ---------------- ##

ac_cv_build=x86_64-unknown-linux-gnu
ac_cv_cxx_compiler_gnu=yes
ac_cv_env_CCC_set=
ac_cv_env_CCC_value=
ac_cv_env_CPPFLAGS_set=
ac_cv_env_CPPFLAGS_value=
ac_cv_env_CXXFLAGS_set=
ac_cv_env_CXXFLAGS_value=
ac_cv_env_CXX_set=set
ac_cv_env_CXX_value=arm-buildroot-linux-gnueabihf-g++
ac_cv_env_LDFLAGS_set=
ac_cv_env_LDFLAGS_value=
ac_cv_env_LIBS_set=
ac_cv_env_LIBS_value=
ac_cv_env_build_alias_set=
ac_cv_env_build_alias_value=
ac_cv_env_host_alias_set=set
ac_cv_env_host_alias_value=arm-buildroot-linux-gnueabihf
ac_cv_env_target_alias_set=
ac_cv_env_target_alias_value=
ac_cv_host=arm-buildroot-linux-gnueabihf
ac_cv_objext=o
ac_cv_path_install='/usr/bin/install -c'
ac_cv_path_mkdir=/bin/mkdir
ac_cv_prog_AWK=gawk
ac_cv_prog_STRIP=arm-buildroot-linux-gnueabihf-strip
ac_cv_prog_cxx_g=yes
ac_cv_prog_make_make_set=yes
ac_cv_target=arm-buildroot-linux-gnueabihf
am_cv_CXX_dependencies_compiler_type=gcc3
am_cv_make_support_nested_variables=yes

## ----------------- ##
## Output variables. ##
## ----------------- ##

ACLOCAL='${SHELL} /wks/workspace/Homer/HelloWorld-auto/missing aclocal-1.15'
AMDEPBACKSLASH='\'
AMDEP_FALSE='#'
AMDEP_TRUE=''
AMTAR='$${TAR-tar}'
AM_BACKSLASH='\'
AM_DEFAULT_V='$(AM_DEFAULT_VERBOSITY)'
AM_DEFAULT_VERBOSITY='1'
AM_V='$(V)'
AUTOCONF='${SHELL} /wks/workspace/Homer/HelloWorld-auto/missing autoconf'
AUTOHEADER='${SHELL} /wks/workspace/Homer/HelloWorld-auto/missing autoheader'
AUTOMAKE='${SHELL} /wks/workspace/Homer/HelloWorld-auto/missing automake-1.15'
AWK='gawk'
CPPFLAGS=''
CXX='arm-buildroot-linux-gnueabihf-g++'
CXXDEPMODE='depmode=gcc3'
CXXFLAGS='-g -O2'
CYGPATH_W='echo'
DEFS='-DPACKAGE_NAME=\"HelloWorld-auto\" -DPACKAGE_TARNAME=\"helloworld-auto\" -DPACKAGE_VERSION=\"1.0\" -DPACKAGE_STRING=\"HelloWorld-auto\ 1.0\" -DPACKAGE_BUGREPORT=\"\" -DPACKAGE_URL=\"\" -DPACKAGE=\"helloworld-auto\" -DVERSION=\"1.0\"'
DEPDIR='.deps'
ECHO_C=''
ECHO_N='-n'
ECHO_T=''
EXEEXT=''
INSTALL_DATA='${INSTALL} -m 644'
INSTALL_PROGRAM='${INSTALL}'
INSTALL_SCRIPT='${INSTALL}'
INSTALL_STRIP_PROGRAM='$(install_sh) -c -s'
LDFLAGS=''
LIBOBJS=''
LIBS=''
LTLIBOBJS=''
MAKEINFO='${SHELL} /wks/workspace/Homer/HelloWorld-auto/missing makeinfo'
MKDIR_P='/bin/mkdir -p'
OBJEXT='o'
PACKAGE='helloworld-auto'
PACKAGE_BUGREPORT=''
PACKAGE_NAME='HelloWorld-auto'
PACKAGE_STRING='HelloWorld-auto 1.0'
PACKAGE_TARNAME='helloworld-auto'
PACKAGE_URL=''
PACKAGE_VERSION='1.0'
PATH_SEPARATOR=':'
SET_MAKE=''
SHELL='/bin/bash'
STRIP='arm-buildroot-linux-gnueabihf-strip'
VERSION='1.0'
ac_ct_CXX=''
am__EXEEXT_FALSE=''
am__EXEEXT_TRUE='#'
am__fastdepCXX_FALSE='#'
am__fastdepCXX_TRUE=''
am__include='include'
am__isrc=''
am__leading_dot='.'
am__nodep='_no'
am__quote=''
am__tar='$${TAR-tar} chof - "$$tardir"'
am__untar='$${TAR-tar} xf -'
bindir='${exec_prefix}/bin'
build='x86_64-unknown-linux-gnu'
build_alias=''
build_cpu='x86_64'
build_os='linux-gnu'
build_vendor='unknown'
datadir='${datarootdir}'
datarootdir='${prefix}/share'
docdir='${datarootdir}/doc/${PACKAGE_TARNAME}'
dvidir='${docdir}'
exec_prefix='${prefix}'
host='arm-buildroot-linux-gnueabihf'
host_alias='arm-buildroot-linux-gnueabihf'
host_cpu='arm'
host_os='linux-gnueabihf'
host_vendor='buildroot'
htmldir='${docdir}'
includedir='${prefix}/include'
infodir='${datarootdir}/info'
install_sh='${SHELL} /wks/workspace/Homer/HelloWorld-auto/install-sh'
libdir='${exec_prefix}/lib'
libexecdir='${exec_prefix}/libexec'
localedir='${datarootdir}/locale'
localstatedir='${prefix}/var'
mandir='${datarootdir}/man'
mkdir_p='$(MKDIR_P)'
oldincludedir='/usr/include'
pdfdir='${docdir}'
prefix='/usr/local'
program_transform_name='s,x,x,'
psdir='${docdir}'
sbindir='${exec_prefix}/sbin'
sharedstatedir='${prefix}/com'
sysconfdir='${prefix}/etc'
target='arm-buildroot-linux-gnueabihf'
target_alias=''
target_cpu='arm'
target_os='linux-gnueabihf'
target_vendor='buildroot'

## ----------- ##
## confdefs.h. ##
## ----------- ##

/* confdefs.h */
#define PACKAGE_NAME "HelloWorld-auto"
#define PACKAGE_TARNAME "helloworld-auto"
#define PACKAGE_VERSION "1.0"
#define PACKAGE_STRING "HelloWorld-auto 1.0"
#define PACKAGE_BUGREPORT ""
#define PACKAGE_URL ""
#define PACKAGE "helloworld-auto"
#define VERSION "1.0"

configure: exit 0
